Uncaught error: TypeError: Cannot read property '0' of undefined
    at Query._callback (E:\Electron_Workspace\hemsu\api\services\customers.js:53:38)
    at Query.Sequence.end (E:\Electron_Workspace\hemsu\node_modules\mysql\lib\protocol\sequences\Sequence.js:83:24)
    at E:\Electron_Workspace\hemsu\node_modules\mysql\lib\Pool.js:205:13
    at Handshake.onConnect (E:\Electron_Workspace\hemsu\node_modules\mysql\lib\Pool.js:58:9)
    at Handshake.<anonymous> (E:\Electron_Workspace\hemsu\node_modules\mysql\lib\Connection.js:526:10)
    at Handshake._callback (E:\Electron_Workspace\hemsu\node_modules\mysql\lib\Connection.js:488:16)
    at Handshake.Sequence.end (E:\Electron_Workspace\hemsu\node_modules\mysql\lib\protocol\sequences\Sequence.js:83:24)
    at Protocol.handleNetworkError (E:\Electron_Workspace\hemsu\node_modules\mysql\lib\protocol\Protocol.js:369:14)
    at PoolConnection.Connection._handleNetworkError (E:\Electron_Workspace\hemsu\node_modules\mysql\lib\Connection.js:418:18)
    at Socket.emit (events.js:310:20)
Uncaught error: TypeError: Cannot read property '0' of undefined
    at Statement.<anonymous> (E:\Electron_Workspace\hemsu\api\services\customers.js:87:38)
    at Statement.replacement (E:\Electron_Workspace\hemsu\node_modules\sqlite3\lib\trace.js:25:27)
    at Statement.topLevelDomainCallback (domain.js:137:15)
Uncaught error: TypeError: Cannot read property '0' of undefined
    at Statement.<anonymous> (E:\Electron_Workspace\hemsu\api\services\customers.js:88:38)
    at Statement.replacement (E:\Electron_Workspace\hemsu\node_modules\sqlite3\lib\trace.js:25:27)
    at Statement.topLevelDomainCallback (domain.js:137:15)
Uncaught error: Error [ERR_HTTP_HEADERS_SENT]: Cannot set headers after they are sent to the client
    at ServerResponse.setHeader (_http_outgoing.js:526:11)
    at ServerResponse.header (E:\Electron_Workspace\hemsu\node_modules\express\lib\response.js:771:10)
    at ServerResponse.send (E:\Electron_Workspace\hemsu\node_modules\express\lib\response.js:170:12)
    at ServerResponse.json (E:\Electron_Workspace\hemsu\node_modules\express\lib\response.js:267:15)
    at E:\Electron_Workspace\hemsu\api\controllers\invoices.js:106:34
    at Statement.<anonymous> (E:\Electron_Workspace\hemsu\api\services\invoices.js:108:18)
    at Statement.replacement (E:\Electron_Workspace\hemsu\node_modules\sqlite3\lib\trace.js:25:27)
    at Statement.topLevelDomainCallback (domain.js:137:15)
Uncaught error: TypeError: Cannot read property 'slice' of undefined
    at createItemInvoice (E:\Electron_Workspace\hemsu\api\services\invoices.js:86:31)
    at Statement.<anonymous> (E:\Electron_Workspace\hemsu\api\controllers\invoices.js:98:9)
    at Statement.topLevelDomainCallback (domain.js:137:15)
